00:00:00.000591 main     VirtualBox XPCOM Server 7.0.6 r155176 linux.amd64 (Jan 17 2023 21:23:05) release log
00:00:00.000592 main     Log opened 2023-01-23T19:45:49.598177000Z
00:00:00.000593 main     Build Type: release
00:00:00.000594 main     OS Product: Linux
00:00:00.000594 main     OS Release: 6.1.7-arch1-1
00:00:00.000595 main     OS Version: #1 SMP PREEMPT_DYNAMIC Wed, 18 Jan 2023 19:54:38 +0000
00:00:00.000611 main     DMI Product Name: 82K8
00:00:00.000615 main     DMI Product Version: Legion S7 15ACH6
00:00:00.000617 main     Firmware type: UEFI
00:00:00.000864 main     Secure Boot: Disabled
00:00:00.000883 main     Host RAM: 15356MB (14.9GB) total, 13478MB (13.1GB) available
00:00:00.000885 main     Executable: /usr/lib/virtualbox/VBoxSVC
00:00:00.000885 main     Process ID: 4995
00:00:00.000886 main     Package type: LINUX_64BITS_GENERIC (OSE)
00:00:00.001753 main     IPC socket path: /tmp/.vbox-illusion-ipc/ipcd
00:00:00.107344 nspr-2   VirtualBox: object creation starts
00:00:00.107897 nspr-2   Home directory: '/home/illusion/.config/VirtualBox'
00:00:00.108147 nspr-2   Loading settings file "/home/illusion/.config/VirtualBox/VirtualBox.xml" with version "1.12-linux"
00:00:00.110151 nspr-2   Successfully initialised host USB using sysfs
00:00:00.117813 nspr-2   NetIfAdpCtlOut: VBoxNetAdpCtl: Error while retrieving link speed for wlan0: VBoxNetAdpCtl: ioctl failed: Operation not supported
00:00:00.118492 nspr-2   HostDnsMonitor: initializing
00:00:00.118637 nspr-2   NAT: resolv.conf: nameserver 155.31.29.5
00:00:00.118644 nspr-2   NAT: resolv.conf: nameserver 155.31.29.10
00:00:00.118650 nspr-2   HostDnsMonitor: updating information
00:00:00.118660 nspr-2   HostDnsMonitor: old information
00:00:00.118662 nspr-2     no server entries
00:00:00.118663 nspr-2     no domain set
00:00:00.118665 nspr-2     no search string entries
00:00:00.118666 nspr-2   HostDnsMonitor: new information
00:00:00.118667 nspr-2     server 1: 155.31.29.5
00:00:00.118669 nspr-2     server 2: 155.31.29.10
00:00:00.118671 nspr-2     no domain set
00:00:00.118673 nspr-2     no search string entries
00:00:00.121235 nspr-2   VD: VDInit finished with VINF_SUCCESS
00:00:00.123250 nspr-2   Loading settings file "/home/illusion/VirtualBox VMs/seedlab/seedlab.vbox" with version "1.19-linux"
00:00:00.124142 nspr-2   VirtualBox: object created
00:00:00.545866 nspr-4   ERROR [COM]: aRC=VBOX_E_INVALID_VM_STATE (0x80bb0002) aIID={300763af-5d6b-46e6-aa96-273eac15538a} aComponent={MachineWrap} aText={The machine is not mutable (state is PoweredOff)}, preserve=false aResultDetail=0
00:00:00.976976 nspr-3   Saving settings file "/home/illusion/.config/VirtualBox/VirtualBox.xml" with version "1.12-linux"
00:00:00.997792 nspr-3   Finished saving settings file "/home/illusion/.config/VirtualBox/VirtualBox.xml"
00:00:08.507511 main     VirtualBox: object deletion starts
00:00:08.507556 main     ERROR [COM]: aRC=VBOX_E_OBJECT_IN_USE (0x80bb000c) aIID={ad47ad09-787b-44ab-b343-a082a3f2dfb1} aComponent={MediumWrap} aText={Medium '/home/illusion/Desktop/school/JW-ERAU/CS428/SEED-Ubuntu20.04.vdi' cannot be closed because it is still attached to 1 virtual machines}, preserve=false aResultDetail=0
00:00:08.508022 main     HostDnsMonitor: shutting down ...
00:00:08.508254 main     HostDnsMonitor: shut down
00:00:08.519376 Watcher  ERROR [COM]: aRC=E_ACCESSDENIED (0x80070005) aIID={7682d5eb-f00e-44f1-8ca2-99d08b1cd607} aComponent={VirtualBoxWrap} aText={The object is not ready}, preserve=false aResultDetail=0
00:00:08.519464 main     VirtualBox: object deleted
